<?xml version="1.0" encoding="UTF-8"?>
<!-- Generated by org.testng.reporters.JUnitReportReporter -->
<testsuite skipped="0" hostname="nblap273" name="appiumtests.SampleRun" tests="1" failures="0" timestamp="14 Apr 2020 16:40:34 GMT" time="0.008" errors="0">
  <testcase name="runone" time="0.008" classname="appiumtests.SampleRun"/>
</testsuite> <!-- appiumtests.SampleRun -->
