<?xml version="1.0" encoding="UTF-8"?>
<!-- Generated by org.testng.reporters.JUnitReportReporter -->
<testsuite hostname="nblap273" name="appiumtests.HomeJinyMenHairCut" tests="1" failures="0" timestamp="15 Apr 2020 06:44:59 GMT" time="70.087" errors="0">
  <testcase name="testcase2" time="70.087" classname="appiumtests.HomeJinyMenHairCut"/>
</testsuite> <!-- appiumtests.HomeJinyMenHairCut -->
